2023-05-28 18:47:33,310 ERROR [Log] search_a_product() FAILED with cause : no such element: Unable to locate element: {"method":"xpath","selector":"//div[@class="m-basket__quantity"][2]"}
  (Session info: chrome=113.0.5672.127)
For documentation on this error, please visit: https://www.seleniumhq.org/exceptions/no_such_element.html
Build info: version: '3.141.59', revision: 'e82be7d358', time: '2018-11-14T08:17:03'
System info: host: 'SELAMI', ip: '192.168.1.4', os.name: 'Windows 10', os.arch: 'amd64', os.version: '10.0', java.version: '11.0.12'
Driver info: org.openqa.selenium.chrome.ChromeDriver
Capabilities {acceptInsecureCerts: false, browserName: chrome, browserVersion: 113.0.5672.127, chrome: {chromedriverVersion: 113.0.5672.63 (0e1a4471d5ae..., userDataDir: C:\Users\selami\AppData\Loc...}, goog:chromeOptions: {debuggerAddress: localhost:54484}, javascriptEnabled: true, networkConnectionEnabled: false, pageLoadStrategy: normal, platform: WINDOWS, platformName: WINDOWS, proxy: Proxy(), setWindowRect: true, strictFileInteractability: false, timeouts: {implicit: 0, pageLoad: 300000, script: 30000}, unhandledPromptBehavior: dismiss and notify, webauthn:extension:credBlob: true, webauthn:extension:largeBlob: true, webauthn:extension:minPinLength: true, webauthn:extension:prf: true, webauthn:virtualAuthenticators: true}
Session ID: e71c05be380211a52adbd1c1ced3326f
*** Element info: {Using=xpath, value=//div[@class="m-basket__quantity"][2]} 
2023-05-28 18:51:58,802 ERROR [Log] search_a_product() FAILED with cause : expected: <2 adet> but was: <1 adet
2 adet
3 adet
4 adet
5 adet
6 adet
7 adet
8 adet
9 adet
10 adet
11 adet
12 adet
13 adet
14 adet
15 adet
16 adet
17 adet
18 adet
19 adet
20 adet
21 adet
22 adet
23 adet
24 adet
25 adet
26 adet
27 adet
28 adet
29 adet
30 adet
31 adet
32 adet
33 adet
34 adet
35 adet
36 adet
37 adet
38 adet
39 adet
40 adet
41 adet
42 adet
43 adet
44 adet
45 adet
46 adet
47 adet
48 adet
49 adet
50 adet
51 adet
52 adet
53 adet
54 adet
55 adet
56 adet
57 adet
58 adet
59 adet
60 adet
61 adet
62 adet
63 adet
64 adet
65 adet
66 adet
67 adet
68 adet
69 adet
70 adet
71 adet
72 adet
73 adet
74 adet
75 adet
76 adet
77 adet
78 adet
79 adet
80 adet
81 adet
82 adet
83 adet
84 adet
85 adet
86 adet
87 adet
88 adet
89 adet
90 adet
91 adet
92 adet
93 adet
94 adet
95 adet
96 adet
97 adet
98 adet
99 adet> 
2023-05-28 18:59:49,217 ERROR [Log] search_a_product() FAILED with cause : Index 2 out of bounds for length 1 
2023-05-28 19:00:47,881 ERROR [Log] search_a_product() FAILED with cause : expected: <2 adet> but was: <1 adet
2 adet
3 adet
4 adet
5 adet
6 adet
7 adet
8 adet
9 adet
10 adet
11 adet
12 adet
13 adet
14 adet
15 adet
16 adet
17 adet
18 adet
19 adet
20 adet
21 adet
22 adet
23 adet
24 adet
25 adet
26 adet
27 adet
28 adet
29 adet
30 adet
31 adet
32 adet
33 adet
34 adet
35 adet
36 adet
37 adet
38 adet
39 adet
40 adet
41 adet
42 adet
43 adet
44 adet
45 adet
46 adet
47 adet
48 adet
49 adet
50 adet
51 adet
52 adet
53 adet
54 adet
55 adet
56 adet
57 adet
58 adet
59 adet
60 adet
61 adet
62 adet
63 adet
64 adet
65 adet
66 adet
67 adet
68 adet
69 adet
70 adet
71 adet
72 adet
73 adet
74 adet
75 adet
76 adet
77 adet
78 adet
79 adet
80 adet
81 adet
82 adet
83 adet
84 adet
85 adet
86 adet
87 adet
88 adet
89 adet
90 adet
91 adet
92 adet
93 adet
94 adet
95 adet
96 adet
97 adet
98 adet
99 adet> 
2023-05-28 19:12:24,435 ERROR [Log] search_a_product() FAILED with cause : no such element: Unable to locate element: {"method":"xpath","selector":"//strong[@class='empty__messageTitle']"}
  (Session info: chrome=113.0.5672.127)
For documentation on this error, please visit: https://www.seleniumhq.org/exceptions/no_such_element.html
Build info: version: '3.141.59', revision: 'e82be7d358', time: '2018-11-14T08:17:03'
System info: host: 'SELAMI', ip: '192.168.1.4', os.name: 'Windows 10', os.arch: 'amd64', os.version: '10.0', java.version: '11.0.12'
Driver info: org.openqa.selenium.chrome.ChromeDriver
Capabilities {acceptInsecureCerts: false, browserName: chrome, browserVersion: 113.0.5672.127, chrome: {chromedriverVersion: 113.0.5672.63 (0e1a4471d5ae..., userDataDir: C:\Users\selami\AppData\Loc...}, goog:chromeOptions: {debuggerAddress: localhost:56600}, javascriptEnabled: true, networkConnectionEnabled: false, pageLoadStrategy: normal, platform: WINDOWS, platformName: WINDOWS, proxy: Proxy(), setWindowRect: true, strictFileInteractability: false, timeouts: {implicit: 0, pageLoad: 300000, script: 30000}, unhandledPromptBehavior: dismiss and notify, webauthn:extension:credBlob: true, webauthn:extension:largeBlob: true, webauthn:extension:minPinLength: true, webauthn:extension:prf: true, webauthn:virtualAuthenticators: true}
Session ID: 908c5fd29520aaf549376b8b5ed9fe2a
*** Element info: {Using=xpath, value=//strong[@class='empty__messageTitle']} 
2023-05-28 19:13:30,509 ERROR [Log] search_a_product() FAILED with cause : no such element: Unable to locate element: {"method":"xpath","selector":"//strong[@class='empty__messageTitle']"}
  (Session info: chrome=113.0.5672.127)
For documentation on this error, please visit: https://www.seleniumhq.org/exceptions/no_such_element.html
Build info: version: '3.141.59', revision: 'e82be7d358', time: '2018-11-14T08:17:03'
System info: host: 'SELAMI', ip: '192.168.1.4', os.name: 'Windows 10', os.arch: 'amd64', os.version: '10.0', java.version: '11.0.12'
Driver info: org.openqa.selenium.chrome.ChromeDriver
Capabilities {acceptInsecureCerts: false, browserName: chrome, browserVersion: 113.0.5672.127, chrome: {chromedriverVersion: 113.0.5672.63 (0e1a4471d5ae..., userDataDir: C:\Users\selami\AppData\Loc...}, goog:chromeOptions: {debuggerAddress: localhost:56820}, javascriptEnabled: true, networkConnectionEnabled: false, pageLoadStrategy: normal, platform: WINDOWS, platformName: WINDOWS, proxy: Proxy(), setWindowRect: true, strictFileInteractability: false, timeouts: {implicit: 0, pageLoad: 300000, script: 30000}, unhandledPromptBehavior: dismiss and notify, webauthn:extension:credBlob: true, webauthn:extension:largeBlob: true, webauthn:extension:minPinLength: true, webauthn:extension:prf: true, webauthn:virtualAuthenticators: true}
Session ID: e7310f8140b39535968b0e5546bf811a
*** Element info: {Using=xpath, value=//strong[@class='empty__messageTitle']} 
2023-05-28 19:15:37,399 INFO  [Log] search_a_product() PASSED 
2023-05-28 19:30:11,358 ERROR [Log] search_a_product() FAILED with cause : null 
2023-05-28 19:31:38,147 ERROR [Log] search_a_product() FAILED with cause : null 
2023-05-28 19:34:37,799 ERROR [Log] search_a_product() FAILED with cause : null 
2023-05-28 19:35:00,510 ERROR [Log] search_a_product() FAILED with cause : null 
2023-05-28 19:35:25,221 ERROR [Log] search_a_product() FAILED with cause : null 
2023-05-28 19:35:49,778 ERROR [Log] search_a_product() FAILED with cause : null 
2023-05-28 19:36:29,191 ERROR [Log] search_a_product() FAILED with cause : null 
2023-05-28 19:37:21,191 ERROR [Log] search_a_product() FAILED with cause : element click intercepted: Element <div class="o-productList__item">...</div> is not clickable at point (260, 606). Other element would receive the click: <a href="/pilates-yoga-97210" title="Pilates &amp; Yoga" class="m-middleNav__link">...</a>
  (Session info: chrome=113.0.5672.127)
Build info: version: '3.141.59', revision: 'e82be7d358', time: '2018-11-14T08:17:03'
System info: host: 'SELAMI', ip: '192.168.1.4', os.name: 'Windows 10', os.arch: 'amd64', os.version: '10.0', java.version: '11.0.12'
Driver info: org.openqa.selenium.chrome.ChromeDriver
Capabilities {acceptInsecureCerts: false, browserName: chrome, browserVersion: 113.0.5672.127, chrome: {chromedriverVersion: 113.0.5672.63 (0e1a4471d5ae..., userDataDir: C:\Users\selami\AppData\Loc...}, goog:chromeOptions: {debuggerAddress: localhost:59938}, javascriptEnabled: true, networkConnectionEnabled: false, pageLoadStrategy: normal, platform: WINDOWS, platformName: WINDOWS, proxy: Proxy(), setWindowRect: true, strictFileInteractability: false, timeouts: {implicit: 0, pageLoad: 300000, script: 30000}, unhandledPromptBehavior: dismiss and notify, webauthn:extension:credBlob: true, webauthn:extension:largeBlob: true, webauthn:extension:minPinLength: true, webauthn:extension:prf: true, webauthn:virtualAuthenticators: true}
Session ID: 06c3ae4866e53741cfad886f8352ab4e 
2023-05-28 19:38:35,966 INFO  [Log] search_a_product() PASSED 
2023-05-28 19:46:05,189 INFO  [Log] search_a_product() PASSED 
2023-05-28 19:48:34,831 INFO  [Log] search_a_product() PASSED 
2023-05-28 19:51:01,185 ERROR [Log] search_a_product() FAILED with cause : element click intercepted: Element <div class="o-productList__item">...</div> is not clickable at point (260, 606). Other element would receive the click: <a href="/bebek-guvenlik-urunleri-95745" title="GÃ¼venlik" class="m-middleNav__link">...</a>
  (Session info: chrome=113.0.5672.127)
Build info: version: '3.141.59', revision: 'e82be7d358', time: '2018-11-14T08:17:03'
System info: host: 'SELAMI', ip: '192.168.1.4', os.name: 'Windows 10', os.arch: 'amd64', os.version: '10.0', java.version: '11.0.12'
Driver info: org.openqa.selenium.chrome.ChromeDriver
Capabilities {acceptInsecureCerts: false, browserName: chrome, browserVersion: 113.0.5672.127, chrome: {chromedriverVersion: 113.0.5672.63 (0e1a4471d5ae..., userDataDir: C:\Users\selami\AppData\Loc...}, goog:chromeOptions: {debuggerAddress: localhost:61221}, javascriptEnabled: true, networkConnectionEnabled: false, pageLoadStrategy: normal, platform: WINDOWS, platformName: WINDOWS, proxy: Proxy(), setWindowRect: true, strictFileInteractability: false, timeouts: {implicit: 0, pageLoad: 300000, script: 30000}, unhandledPromptBehavior: dismiss and notify, webauthn:extension:credBlob: true, webauthn:extension:largeBlob: true, webauthn:extension:minPinLength: true, webauthn:extension:prf: true, webauthn:virtualAuthenticators: true}
Session ID: 1a89c901f5b0b9d36f2c76170d6b29e3 
2023-05-28 19:51:46,498 INFO  [Log] search_a_product() PASSED 
2023-05-28 20:11:00,393 INFO  [Log] search_a_product() PASSED 
